<?xml version="1.0" encoding="UTF-8"?>
<testsuite name="study.querydsl.repository.MemberRepositoryTest" tests="1" skipped="0" failures="0" errors="0" timestamp="2023-07-11T15:27:18" hostname="johyeonhwaui-MacBookPro.local" time="0.557">
  <properties/>
  <testcase name="querydslPredicateExecutorTest()" classname="study.querydsl.repository.MemberRepositoryTest" time="0.557"/>
  <system-out><![CDATA[00:27:08.917 [Test worker] DEBUG org.springframework.test.context.BootstrapUtils - Instantiating CacheAwareContextLoaderDelegate from class [org.springframework.test.context.cache.DefaultCacheAwareContextLoaderDelegate]
00:27:08.939 [Test worker] DEBUG org.springframework.test.context.BootstrapUtils - Instantiating BootstrapContext using constructor [public org.springframework.test.context.support.DefaultBootstrapContext(java.lang.Class,org.springframework.test.context.CacheAwareContextLoaderDelegate)]
00:27:09.034 [Test worker] DEBUG org.springframework.test.context.BootstrapUtils - Instantiating TestContextBootstrapper for test class [study.querydsl.repository.MemberRepositoryTest] from class [org.springframework.boot.test.context.SpringBootTestContextBootstrapper]
00:27:09.050 [Test worker] INFO org.springframework.boot.test.context.SpringBootTestContextBootstrapper - Neither @ContextConfiguration nor @ContextHierarchy found for test class [study.querydsl.repository.MemberRepositoryTest], using SpringBootContextLoader
00:27:09.055 [Test worker] DEBUG org.springframework.test.context.support.AbstractContextLoader - Did not detect default resource location for test class [study.querydsl.repository.MemberRepositoryTest]: class path resource [study/querydsl/repository/MemberRepositoryTest-context.xml] does not exist
00:27:09.055 [Test worker] DEBUG org.springframework.test.context.support.AbstractContextLoader - Did not detect default resource location for test class [study.querydsl.repository.MemberRepositoryTest]: class path resource [study/querydsl/repository/MemberRepositoryTestContext.groovy] does not exist
00:27:09.056 [Test worker] INFO org.springframework.test.context.support.AbstractContextLoader - Could not detect default resource locations for test class [study.querydsl.repository.MemberRepositoryTest]: no resource found for suffixes {-context.xml, Context.groovy}.
00:27:09.058 [Test worker] INFO org.springframework.test.context.support.AnnotationConfigContextLoaderUtils - Could not detect default configuration classes for test class [study.querydsl.repository.MemberRepositoryTest]: MemberRepositoryTest does not declare any static, non-private, non-final, nested classes annotated with @Configuration.
00:27:09.171 [Test worker] DEBUG org.springframework.test.context.support.ActiveProfilesUtils - Could not find an 'annotation declaring class' for annotation type [org.springframework.test.context.ActiveProfiles] and class [study.querydsl.repository.MemberRepositoryTest]
00:27:09.300 [Test worker] DEBUG org.springframework.context.annotation.ClassPathScanningCandidateComponentProvider - Identified candidate component class: file [/Users/tomatocho/querydsl/build/classes/java/main/study/querydsl/QuerydslApplication.class]
00:27:09.302 [Test worker] INFO org.springframework.boot.test.context.SpringBootTestContextBootstrapper - Found @SpringBootConfiguration study.querydsl.QuerydslApplication for test class study.querydsl.repository.MemberRepositoryTest
00:27:09.485 [Test worker] DEBUG org.springframework.boot.test.context.SpringBootTestContextBootstrapper - @TestExecutionListeners is not present for class [study.querydsl.repository.MemberRepositoryTest]: using defaults.
00:27:09.486 [Test worker] INFO org.springframework.boot.test.context.SpringBootTestContextBootstrapper - Loaded default TestExecutionListener class names from location [META-INF/spring.factories]: [org.springframework.boot.test.autoconfigure.restdocs.RestDocsTestExecutionListener, org.springframework.boot.test.autoconfigure.web.client.MockRestServiceServerResetTestExecutionListener, org.springframework.boot.test.autoconfigure.web.servlet.MockMvcPrintOnlyOnFailureTestExecutionListener, org.springframework.boot.test.autoconfigure.web.servlet.WebDriverTestExecutionListener, org.springframework.boot.test.autoconfigure.webservices.client.MockWebServiceServerTestExecutionListener, org.springframework.boot.test.mock.mockito.MockitoTestExecutionListener, org.springframework.boot.test.mock.mockito.ResetMocksTestExecutionListener, org.springframework.test.context.web.ServletTestExecutionListener, org.springframework.test.context.support.DirtiesContextBeforeModesTestExecutionListener, org.springframework.test.context.event.ApplicationEventsTestExecutionListener, org.springframework.test.context.support.DependencyInjectionTestExecutionListener, org.springframework.test.context.support.DirtiesContextTestExecutionListener, org.springframework.test.context.transaction.TransactionalTestExecutionListener, org.springframework.test.context.jdbc.SqlScriptsTestExecutionListener, org.springframework.test.context.event.EventPublishingTestExecutionListener]
00:27:09.518 [Test worker] INFO org.springframework.boot.test.context.SpringBootTestContextBootstrapper - Using TestExecutionListeners: [org.springframework.test.context.web.ServletTestExecutionListener@51b01960, org.springframework.test.context.support.DirtiesContextBeforeModesTestExecutionListener@6831d8fd, org.springframework.test.context.event.ApplicationEventsTestExecutionListener@27dc79f7, org.springframework.boot.test.mock.mockito.MockitoTestExecutionListener@6b85300e, org.springframework.boot.test.autoconfigure.SpringBootDependencyInjectionTestExecutionListener@3aaf4f07, org.springframework.test.context.support.DirtiesContextTestExecutionListener@5cbf9e9f, org.springframework.test.context.transaction.TransactionalTestExecutionListener@18e8473e, org.springframework.test.context.jdbc.SqlScriptsTestExecutionListener@5a2f016d, org.springframework.test.context.event.EventPublishingTestExecutionListener@1a38ba58, org.springframework.boot.test.autoconfigure.restdocs.RestDocsTestExecutionListener@3ad394e6, org.springframework.boot.test.autoconfigure.web.client.MockRestServiceServerResetTestExecutionListener@6058e535, org.springframework.boot.test.autoconfigure.web.servlet.MockMvcPrintOnlyOnFailureTestExecutionListener@42deb43a, org.springframework.boot.test.autoconfigure.web.servlet.WebDriverTestExecutionListener@1deb2c43, org.springframework.boot.test.autoconfigure.webservices.client.MockWebServiceServerTestExecutionListener@3bb9efbc, org.springframework.boot.test.mock.mockito.ResetMocksTestExecutionListener@1cefc4b3]
00:27:09.522 [Test worker] DEBUG org.springframework.test.context.support.AbstractDirtiesContextTestExecutionListener - Before test class: context [DefaultTestContext@27a0a5a2 testClass = MemberRepositoryTest, testInstance = [null], testMethod = [null], testException = [null], mergedContextConfiguration = [WebMergedContextConfiguration@7692cd34 testClass = MemberRepositoryTest, locations = '{}', classes = '{class study.querydsl.QuerydslApplication}', contextInitializerClasses = '[]', activeProfiles = '{}', propertySourceLocations = '{}', propertySourceProperties = '{org.springframework.boot.test.context.SpringBootTestContextBootstrapper=true}', contextCustomizers = set[org.springframework.boot.test.autoconfigure.actuate.metrics.MetricsExportContextCustomizerFactory$DisableMetricExportContextCustomizer@24b6b8f6, org.springframework.boot.test.autoconfigure.properties.PropertyMappingContextCustomizer@0, org.springframework.boot.test.autoconfigure.web.servlet.WebDriverContextCustomizerFactory$Customizer@1ef3efa8, org.springframework.boot.test.context.filter.ExcludeFilterContextCustomizer@5c3b6c6e, org.springframework.boot.test.json.DuplicateJsonObjectContextCustomizerFactory$DuplicateJsonObjectContextCustomizer@12bcd0c0, org.springframework.boot.test.mock.mockito.MockitoContextCustomizer@0, org.springframework.boot.test.web.client.TestRestTemplateContextCustomizer@4fc5e095, org.springframework.boot.test.context.SpringBootTestArgs@1, org.springframework.boot.test.context.SpringBootTestWebEnvironment@13d9cbf5], resourceBasePath = 'src/main/webapp', contextLoader = 'org.springframework.boot.test.context.SpringBootContextLoader', parent = [null]], attributes = map['org.springframework.test.context.web.ServletTestExecutionListener.activateListener' -> true]], class annotated with @DirtiesContext [false] with mode [null].

  .   ____          _            __ _ _
 /\\ / ___'_ __ _ _(_)_ __  __ _ \ \ \ \
( ( )\___ | '_ | '_| | '_ \/ _` | \ \ \ \
 \\/  ___)| |_)| | | | | || (_| |  ) ) ) )
  '  |____| .__|_| |_|_| |_\__, | / / / /
 =========|_|==============|___/=/_/_/_/
 :: Spring Boot ::               (v2.7.13)

2023-07-12 00:27:10.142  INFO 88424 --- [    Test worker] s.q.repository.MemberRepositoryTest      : Starting MemberRepositoryTest using Java 11.0.15 on johyeonhwaui-MacBookPro.local with PID 88424 (started by tomatocho in /Users/tomatocho/querydsl)
2023-07-12 00:27:10.144  INFO 88424 --- [    Test worker] s.q.repository.MemberRepositoryTest      : The following 1 profile is active: "test"
2023-07-12 00:27:12.364  INFO 88424 --- [    Test worker] .s.d.r.c.RepositoryConfigurationDelegate : Bootstrapping Spring Data JPA repositories in DEFAULT mode.
2023-07-12 00:27:12.535  INFO 88424 --- [    Test worker] .s.d.r.c.RepositoryConfigurationDelegate : Finished Spring Data repository scanning in 160 ms. Found 1 JPA repository interfaces.
2023-07-12 00:27:13.463  INFO 88424 --- [    Test worker] o.hibernate.jpa.internal.util.LogHelper  : HHH000204: Processing PersistenceUnitInfo [name: default]
2023-07-12 00:27:13.596  INFO 88424 --- [    Test worker] org.hibernate.Version                    : HHH000412: Hibernate ORM core version 5.6.15.Final
2023-07-12 00:27:14.062  INFO 88424 --- [    Test worker] o.hibernate.annotations.common.Version   : HCANN000001: Hibernate Commons Annotations {5.1.2.Final}
2023-07-12 00:27:14.241  INFO 88424 --- [    Test worker] com.zaxxer.hikari.HikariDataSource       : HikariPool-1 - Starting...
2023-07-12 00:27:14.639  INFO 88424 --- [    Test worker] com.zaxxer.hikari.HikariDataSource       : HikariPool-1 - Start completed.
2023-07-12 00:27:14.714  INFO 88424 --- [    Test worker] org.hibernate.dialect.Dialect            : HHH000400: Using dialect: org.hibernate.dialect.H2Dialect
2023-07-12 00:27:16.308 DEBUG 88424 --- [    Test worker] org.hibernate.SQL                        : 
    
    drop table if exists hello CASCADE 
2023-07-12 00:27:16.325  INFO 88424 --- [    Test worker] p6spy                                    : #1689089236325 | took 1ms | statement | connection 1| url jdbc:h2:tcp://localhost/~/querydsl

    drop table if exists hello CASCADE 

    drop table if exists hello CASCADE ;
2023-07-12 00:27:16.326 DEBUG 88424 --- [    Test worker] org.hibernate.SQL                        : 
    
    drop table if exists member CASCADE 
2023-07-12 00:27:16.327  INFO 88424 --- [    Test worker] p6spy                                    : #1689089236327 | took 0ms | statement | connection 1| url jdbc:h2:tcp://localhost/~/querydsl

    drop table if exists member CASCADE 

    drop table if exists member CASCADE ;
2023-07-12 00:27:16.328 DEBUG 88424 --- [    Test worker] org.hibernate.SQL                        : 
    
    drop table if exists team CASCADE 
2023-07-12 00:27:16.329  INFO 88424 --- [    Test worker] p6spy                                    : #1689089236329 | took 0ms | statement | connection 1| url jdbc:h2:tcp://localhost/~/querydsl

    drop table if exists team CASCADE 

    drop table if exists team CASCADE ;
2023-07-12 00:27:16.329 DEBUG 88424 --- [    Test worker] org.hibernate.SQL                        : 
    
    drop sequence if exists hibernate_sequence
2023-07-12 00:27:16.330  INFO 88424 --- [    Test worker] p6spy                                    : #1689089236330 | took 0ms | statement | connection 1| url jdbc:h2:tcp://localhost/~/querydsl

    drop sequence if exists hibernate_sequence

    drop sequence if exists hibernate_sequence;
2023-07-12 00:27:16.334 DEBUG 88424 --- [    Test worker] org.hibernate.SQL                        : create sequence hibernate_sequence start with 1 increment by 1
2023-07-12 00:27:16.335  INFO 88424 --- [    Test worker] p6spy                                    : #1689089236334 | took 0ms | statement | connection 2| url jdbc:h2:tcp://localhost/~/querydsl
create sequence hibernate_sequence start with 1 increment by 1
create sequence hibernate_sequence start with 1 increment by 1;
2023-07-12 00:27:16.336 DEBUG 88424 --- [    Test worker] org.hibernate.SQL                        : 
    
    create table hello (
       id bigint not null,
        primary key (id)
    )
2023-07-12 00:27:16.341  INFO 88424 --- [    Test worker] p6spy                                    : #1689089236341 | took 2ms | statement | connection 2| url jdbc:h2:tcp://localhost/~/querydsl

    create table hello (
       id bigint not null,
        primary key (id)
    )

    create table hello (
       id bigint not null,
        primary key (id)
    );
2023-07-12 00:27:16.343 DEBUG 88424 --- [    Test worker] org.hibernate.SQL                        : 
    
    create table member (
       member_id bigint not null,
        age integer not null,
        username varchar(255),
        team_id bigint,
        primary key (member_id)
    )
2023-07-12 00:27:16.345  INFO 88424 --- [    Test worker] p6spy                                    : #1689089236345 | took 1ms | statement | connection 2| url jdbc:h2:tcp://localhost/~/querydsl

    create table member (
       member_id bigint not null,
        age integer not null,
        username varchar(255),
        team_id bigint,
        primary key (member_id)
    )

    create table member (
       member_id bigint not null,
        age integer not null,
        username varchar(255),
        team_id bigint,
        primary key (member_id)
    );
2023-07-12 00:27:16.347 DEBUG 88424 --- [    Test worker] org.hibernate.SQL                        : 
    
    create table team (
       team_id bigint not null,
        name varchar(255),
        primary key (team_id)
    )
2023-07-12 00:27:16.348  INFO 88424 --- [    Test worker] p6spy                                    : #1689089236348 | took 0ms | statement | connection 2| url jdbc:h2:tcp://localhost/~/querydsl

    create table team (
       team_id bigint not null,
        name varchar(255),
        primary key (team_id)
    )

    create table team (
       team_id bigint not null,
        name varchar(255),
        primary key (team_id)
    );
2023-07-12 00:27:16.349 DEBUG 88424 --- [    Test worker] org.hibernate.SQL                        : 
    
    alter table member 
       add constraint FKcjte2jn9pvo9ud2hyfgwcja0k 
       foreign key (team_id) 
       references team
2023-07-12 00:27:16.351  INFO 88424 --- [    Test worker] p6spy                                    : #1689089236351 | took 1ms | statement | connection 2| url jdbc:h2:tcp://localhost/~/querydsl

    alter table member 
       add constraint FKcjte2jn9pvo9ud2hyfgwcja0k 
       foreign key (team_id) 
       references team

    alter table member 
       add constraint FKcjte2jn9pvo9ud2hyfgwcja0k 
       foreign key (team_id) 
       references team;
2023-07-12 00:27:16.353  INFO 88424 --- [    Test worker] o.h.e.t.j.p.i.JtaPlatformInitiator       : HHH000490: Using JtaPlatform implementation: [org.hibernate.engine.transaction.jta.platform.internal.NoJtaPlatform]
2023-07-12 00:27:16.371  INFO 88424 --- [    Test worker] j.LocalContainerEntityManagerFactoryBean : Initialized JPA EntityManagerFactory for persistence unit 'default'
2023-07-12 00:27:17.899  WARN 88424 --- [    Test worker] JpaBaseConfiguration$JpaWebConfiguration : spring.jpa.open-in-view is enabled by default. Therefore, database queries may be performed during view rendering. Explicitly configure spring.jpa.open-in-view to disable this warning
2023-07-12 00:27:18.776  INFO 88424 --- [    Test worker] s.q.repository.MemberRepositoryTest      : Started MemberRepositoryTest in 9.203 seconds (JVM running for 12.093)
2023-07-12 00:27:18.818  INFO 88424 --- [    Test worker] o.s.t.c.transaction.TransactionContext   : Began transaction (1) for test context [DefaultTestContext@27a0a5a2 testClass = MemberRepositoryTest, testInstance = study.querydsl.repository.MemberRepositoryTest@128d397c, testMethod = querydslPredicateExecutorTest@MemberRepositoryTest, testException = [null], mergedContextConfiguration = [WebMergedContextConfiguration@7692cd34 testClass = MemberRepositoryTest, locations = '{}', classes = '{class study.querydsl.QuerydslApplication}', contextInitializerClasses = '[]', activeProfiles = '{}', propertySourceLocations = '{}', propertySourceProperties = '{org.springframework.boot.test.context.SpringBootTestContextBootstrapper=true}', contextCustomizers = set[org.springframework.boot.test.autoconfigure.actuate.metrics.MetricsExportContextCustomizerFactory$DisableMetricExportContextCustomizer@24b6b8f6, org.springframework.boot.test.autoconfigure.properties.PropertyMappingContextCustomizer@0, org.springframework.boot.test.autoconfigure.web.servlet.WebDriverContextCustomizerFactory$Customizer@1ef3efa8, org.springframework.boot.test.context.filter.ExcludeFilterContextCustomizer@5c3b6c6e, org.springframework.boot.test.json.DuplicateJsonObjectContextCustomizerFactory$DuplicateJsonObjectContextCustomizer@12bcd0c0, org.springframework.boot.test.mock.mockito.MockitoContextCustomizer@0, org.springframework.boot.test.web.client.TestRestTemplateContextCustomizer@4fc5e095, org.springframework.boot.test.context.SpringBootTestArgs@1, org.springframework.boot.test.context.SpringBootTestWebEnvironment@13d9cbf5], resourceBasePath = 'src/main/webapp', contextLoader = 'org.springframework.boot.test.context.SpringBootContextLoader', parent = [null]], attributes = map['org.springframework.test.context.web.ServletTestExecutionListener.activateListener' -> true, 'org.springframework.test.context.web.ServletTestExecutionListener.populatedRequestContextHolder' -> true, 'org.springframework.test.context.web.ServletTestExecutionListener.resetRequestContextHolder' -> true, 'org.springframework.test.context.event.ApplicationEventsTestExecutionListener.recordApplicationEvents' -> false]]; transaction manager [org.springframework.orm.jpa.JpaTransactionManager@193c3b1c]; rollback [true]
2023-07-12 00:27:18.974 DEBUG 88424 --- [    Test worker] org.hibernate.SQL                        : 
    call next value for hibernate_sequence
2023-07-12 00:27:18.996  INFO 88424 --- [    Test worker] p6spy                                    : #1689089238996 | took 13ms | statement | connection 3| url jdbc:h2:tcp://localhost/~/querydsl
call next value for hibernate_sequence
call next value for hibernate_sequence;
2023-07-12 00:27:19.027 DEBUG 88424 --- [    Test worker] org.hibernate.SQL                        : 
    call next value for hibernate_sequence
2023-07-12 00:27:19.028  INFO 88424 --- [    Test worker] p6spy                                    : #1689089239028 | took 0ms | statement | connection 3| url jdbc:h2:tcp://localhost/~/querydsl
call next value for hibernate_sequence
call next value for hibernate_sequence;
2023-07-12 00:27:19.028 DEBUG 88424 --- [    Test worker] org.hibernate.SQL                        : 
    call next value for hibernate_sequence
2023-07-12 00:27:19.029  INFO 88424 --- [    Test worker] p6spy                                    : #1689089239029 | took 0ms | statement | connection 3| url jdbc:h2:tcp://localhost/~/querydsl
call next value for hibernate_sequence
call next value for hibernate_sequence;
2023-07-12 00:27:19.030 DEBUG 88424 --- [    Test worker] org.hibernate.SQL                        : 
    call next value for hibernate_sequence
2023-07-12 00:27:19.031  INFO 88424 --- [    Test worker] p6spy                                    : #1689089239031 | took 0ms | statement | connection 3| url jdbc:h2:tcp://localhost/~/querydsl
call next value for hibernate_sequence
call next value for hibernate_sequence;
2023-07-12 00:27:19.032 DEBUG 88424 --- [    Test worker] org.hibernate.SQL                        : 
    call next value for hibernate_sequence
2023-07-12 00:27:19.032  INFO 88424 --- [    Test worker] p6spy                                    : #1689089239032 | took 0ms | statement | connection 3| url jdbc:h2:tcp://localhost/~/querydsl
call next value for hibernate_sequence
call next value for hibernate_sequence;
2023-07-12 00:27:19.033 DEBUG 88424 --- [    Test worker] org.hibernate.SQL                        : 
    call next value for hibernate_sequence
2023-07-12 00:27:19.033  INFO 88424 --- [    Test worker] p6spy                                    : #1689089239033 | took 0ms | statement | connection 3| url jdbc:h2:tcp://localhost/~/querydsl
call next value for hibernate_sequence
call next value for hibernate_sequence;
2023-07-12 00:27:19.297 DEBUG 88424 --- [    Test worker] org.hibernate.SQL                        : 
    /* insert study.querydsl.entity.Team
        */ insert 
        into
            team
            (name, team_id) 
        values
            (?, ?)
2023-07-12 00:27:19.299  INFO 88424 --- [    Test worker] p6spy                                    : #1689089239299 | took 0ms | statement | connection 3| url jdbc:h2:tcp://localhost/~/querydsl
/* insert study.querydsl.entity.Team */ insert into team (name, team_id) values (?, ?)
/* insert study.querydsl.entity.Team */ insert into team (name, team_id) values ('teamA', 1);
2023-07-12 00:27:19.301 DEBUG 88424 --- [    Test worker] org.hibernate.SQL                        : 
    /* insert study.querydsl.entity.Team
        */ insert 
        into
            team
            (name, team_id) 
        values
            (?, ?)
2023-07-12 00:27:19.302  INFO 88424 --- [    Test worker] p6spy                                    : #1689089239302 | took 0ms | statement | connection 3| url jdbc:h2:tcp://localhost/~/querydsl
/* insert study.querydsl.entity.Team */ insert into team (name, team_id) values (?, ?)
/* insert study.querydsl.entity.Team */ insert into team (name, team_id) values ('teamB', 2);
2023-07-12 00:27:19.302 DEBUG 88424 --- [    Test worker] org.hibernate.SQL                        : 
    /* insert study.querydsl.entity.Member
        */ insert 
        into
            member
            (age, team_id, username, member_id) 
        values
            (?, ?, ?, ?)
2023-07-12 00:27:19.305  INFO 88424 --- [    Test worker] p6spy                                    : #1689089239305 | took 0ms | statement | connection 3| url jdbc:h2:tcp://localhost/~/querydsl
/* insert study.querydsl.entity.Member */ insert into member (age, team_id, username, member_id) values (?, ?, ?, ?)
/* insert study.querydsl.entity.Member */ insert into member (age, team_id, username, member_id) values (10, 1, 'member1', 3);
2023-07-12 00:27:19.305 DEBUG 88424 --- [    Test worker] org.hibernate.SQL                        : 
    /* insert study.querydsl.entity.Member
        */ insert 
        into
            member
            (age, team_id, username, member_id) 
        values
            (?, ?, ?, ?)
2023-07-12 00:27:19.307  INFO 88424 --- [    Test worker] p6spy                                    : #1689089239307 | took 0ms | statement | connection 3| url jdbc:h2:tcp://localhost/~/querydsl
/* insert study.querydsl.entity.Member */ insert into member (age, team_id, username, member_id) values (?, ?, ?, ?)
/* insert study.querydsl.entity.Member */ insert into member (age, team_id, username, member_id) values (20, 1, 'member2', 4);
2023-07-12 00:27:19.308 DEBUG 88424 --- [    Test worker] org.hibernate.SQL                        : 
    /* insert study.querydsl.entity.Member
        */ insert 
        into
            member
            (age, team_id, username, member_id) 
        values
            (?, ?, ?, ?)
2023-07-12 00:27:19.310  INFO 88424 --- [    Test worker] p6spy                                    : #1689089239310 | took 0ms | statement | connection 3| url jdbc:h2:tcp://localhost/~/querydsl
/* insert study.querydsl.entity.Member */ insert into member (age, team_id, username, member_id) values (?, ?, ?, ?)
/* insert study.querydsl.entity.Member */ insert into member (age, team_id, username, member_id) values (30, 2, 'member3', 5);
2023-07-12 00:27:19.311 DEBUG 88424 --- [    Test worker] org.hibernate.SQL                        : 
    /* insert study.querydsl.entity.Member
        */ insert 
        into
            member
            (age, team_id, username, member_id) 
        values
            (?, ?, ?, ?)
2023-07-12 00:27:19.314  INFO 88424 --- [    Test worker] p6spy                                    : #1689089239314 | took 0ms | statement | connection 3| url jdbc:h2:tcp://localhost/~/querydsl
/* insert study.querydsl.entity.Member */ insert into member (age, team_id, username, member_id) values (?, ?, ?, ?)
/* insert study.querydsl.entity.Member */ insert into member (age, team_id, username, member_id) values (40, 2, 'member4', 6);
2023-07-12 00:27:19.322 DEBUG 88424 --- [    Test worker] org.hibernate.SQL                        : 
    /* select
        member1 
    from
        Member member1 
    where
        member1.age between ?1 and ?2 
        and member1.username = ?3 */ select
            member0_.member_id as member_i1_1_,
            member0_.age as age2_1_,
            member0_.team_id as team_id4_1_,
            member0_.username as username3_1_ 
        from
            member member0_ 
        where
            (
                member0_.age between ? and ?
            ) 
            and member0_.username=?
2023-07-12 00:27:19.324  INFO 88424 --- [    Test worker] p6spy                                    : #1689089239324 | took 0ms | statement | connection 3| url jdbc:h2:tcp://localhost/~/querydsl
/* select member1
from Member member1
where member1.age between ?1 and ?2 and member1.username = ?3 */ select member0_.member_id as member_i1_1_, member0_.age as age2_1_, member0_.team_id as team_id4_1_, member0_.username as username3_1_ from member member0_ where (member0_.age between ? and ?) and member0_.username=?
/* select member1
from Member member1
where member1.age between 101 and 402 and member1.username = 'member1'3 */ select member0_.member_id as member_i1_1_, member0_.age as age2_1_, member0_.team_id as team_id4_1_, member0_.username as username3_1_ from member member0_ where (member0_.age between NULL and ?) and member0_.username=?;
member1 = Member(id=3, username=member1, age=10)
2023-07-12 00:27:19.351  INFO 88424 --- [    Test worker] p6spy                                    : #1689089239351 | took 0ms | rollback | connection 3| url jdbc:h2:tcp://localhost/~/querydsl

;
2023-07-12 00:27:19.355  INFO 88424 --- [    Test worker] o.s.t.c.transaction.TransactionContext   : Rolled back transaction for test: [DefaultTestContext@27a0a5a2 testClass = MemberRepositoryTest, testInstance = study.querydsl.repository.MemberRepositoryTest@128d397c, testMethod = querydslPredicateExecutorTest@MemberRepositoryTest, testException = [null], mergedContextConfiguration = [WebMergedContextConfiguration@7692cd34 testClass = MemberRepositoryTest, locations = '{}', classes = '{class study.querydsl.QuerydslApplication}', contextInitializerClasses = '[]', activeProfiles = '{}', propertySourceLocations = '{}', propertySourceProperties = '{org.springframework.boot.test.context.SpringBootTestContextBootstrapper=true}', contextCustomizers = set[org.springframework.boot.test.autoconfigure.actuate.metrics.MetricsExportContextCustomizerFactory$DisableMetricExportContextCustomizer@24b6b8f6, org.springframework.boot.test.autoconfigure.properties.PropertyMappingContextCustomizer@0, org.springframework.boot.test.autoconfigure.web.servlet.WebDriverContextCustomizerFactory$Customizer@1ef3efa8, org.springframework.boot.test.context.filter.ExcludeFilterContextCustomizer@5c3b6c6e, org.springframework.boot.test.json.DuplicateJsonObjectContextCustomizerFactory$DuplicateJsonObjectContextCustomizer@12bcd0c0, org.springframework.boot.test.mock.mockito.MockitoContextCustomizer@0, org.springframework.boot.test.web.client.TestRestTemplateContextCustomizer@4fc5e095, org.springframework.boot.test.context.SpringBootTestArgs@1, org.springframework.boot.test.context.SpringBootTestWebEnvironment@13d9cbf5], resourceBasePath = 'src/main/webapp', contextLoader = 'org.springframework.boot.test.context.SpringBootContextLoader', parent = [null]], attributes = map['org.springframework.test.context.web.ServletTestExecutionListener.activateListener' -> true, 'org.springframework.test.context.web.ServletTestExecutionListener.populatedRequestContextHolder' -> true, 'org.springframework.test.context.web.ServletTestExecutionListener.resetRequestContextHolder' -> true, 'org.springframework.test.context.event.ApplicationEventsTestExecutionListener.recordApplicationEvents' -> false]]
]]></system-out>
  <system-err><![CDATA[]]></system-err>
</testsuite>
